{"/Users/josemanuelberrettamoreno/Desktop/courses/fullstack/assignment/warehouse-api/src/controllers/product.ts": {"path":"/Users/josemanuelberrettamoreno/Desktop/courses/fullstack/assignment/warehouse-api/src/controllers/product.ts","statementMap":{"0":{"start":{"line":2,"column":0},"end":{"line":2,"column":48}},"1":{"start":{"line":3,"column":0},"end":{"line":3,"column":44}},"2":{"start":{"line":6,"column":21},"end":{"line":17,"column":1}},"3":{"start":{"line":7,"column":46},"end":{"line":15,"column":6}},"4":{"start":{"line":8,"column":8},"end":{"line":10,"column":null}},"5":{"start":{"line":9,"column":12},"end":{"line":9,"column":null}},"6":{"start":{"line":11,"column":8},"end":{"line":13,"column":null}},"7":{"start":{"line":12,"column":11},"end":{"line":12,"column":87}},"8":{"start":{"line":14,"column":8},"end":{"line":14,"column":null}},"9":{"start":{"line":16,"column":4},"end":{"line":16,"column":null}},"10":{"start":{"line":19,"column":20},"end":{"line":22,"column":2}},"11":{"start":{"line":19,"column":78},"end":{"line":22,"column":2}},"12":{"start":{"line":20,"column":21},"end":{"line":20,"column":77}},"13":{"start":{"line":21,"column":4},"end":{"line":21,"column":42}},"14":{"start":{"line":24,"column":40},"end":{"line":31,"column":2}},"15":{"start":{"line":24,"column":98},"end":{"line":31,"column":2}},"16":{"start":{"line":25,"column":19},"end":{"line":25,"column":75}},"17":{"start":{"line":26,"column":4},"end":{"line":28,"column":7}},"18":{"start":{"line":27,"column":8},"end":{"line":27,"column":null}},"19":{"start":{"line":30,"column":4},"end":{"line":30,"column":42}},"20":{"start":{"line":33,"column":19},"end":{"line":37,"column":2}},"21":{"start":{"line":33,"column":77},"end":{"line":37,"column":2}},"22":{"start":{"line":34,"column":22},"end":{"line":34,"column":35}},"23":{"start":{"line":35,"column":20},"end":{"line":35,"column":82}},"24":{"start":{"line":36,"column":4},"end":{"line":36,"column":41}},"25":{"start":{"line":39,"column":19},"end":{"line":50,"column":2}},"26":{"start":{"line":39,"column":77},"end":{"line":50,"column":2}},"27":{"start":{"line":40,"column":4},"end":{"line":49,"column":null}},"28":{"start":{"line":41,"column":25},"end":{"line":41,"column":33}},"29":{"start":{"line":42,"column":24},"end":{"line":42,"column":43}},"30":{"start":{"line":43,"column":8},"end":{"line":43,"column":null}},"31":{"start":{"line":44,"column":8},"end":{"line":44,"column":null}},"32":{"start":{"line":47,"column":8},"end":{"line":47,"column":29}},"33":{"start":{"line":48,"column":8},"end":{"line":48,"column":38}},"34":{"start":{"line":52,"column":21},"end":{"line":70,"column":2}},"35":{"start":{"line":52,"column":79},"end":{"line":70,"column":2}},"36":{"start":{"line":53,"column":22},"end":{"line":53,"column":35}},"37":{"start":{"line":54,"column":69},"end":{"line":54,"column":77}},"38":{"start":{"line":55,"column":4},"end":{"line":69,"column":null}},"39":{"start":{"line":58,"column":56},"end":{"line":58,"column":122}},"40":{"start":{"line":58,"column":99},"end":{"line":58,"column":121}},"41":{"start":{"line":59,"column":25},"end":{"line":59,"column":88}},"42":{"start":{"line":61,"column":33},"end":{"line":61,"column":193}},"43":{"start":{"line":61,"column":62},"end":{"line":61,"column":191}},"44":{"start":{"line":61,"column":135},"end":{"line":61,"column":176}},"45":{"start":{"line":62,"column":8},"end":{"line":62,"column":38}},"46":{"start":{"line":63,"column":24},"end":{"line":66,"column":53}},"47":{"start":{"line":67,"column":8},"end":{"line":67,"column":45}},"48":{"start":{"line":73,"column":0},"end":{"line":73,"column":83}}},"fnMap":{"0":{"name":"(anonymous_7)","decl":{"start":{"line":6,"column":21},"end":{"line":6,"column":22}},"loc":{"start":{"line":6,"column":49},"end":{"line":17,"column":1}}},"1":{"name":"(anonymous_8)","decl":{"start":{"line":7,"column":68},"end":{"line":7,"column":83}},"loc":{"start":{"line":7,"column":86},"end":{"line":15,"column":5}}},"2":{"name":"(anonymous_9)","decl":{"start":{"line":19,"column":20},"end":{"line":19,"column":27}},"loc":{"start":{"line":19,"column":78},"end":{"line":22,"column":2}}},"3":{"name":"(anonymous_10)","decl":{"start":{"line":19,"column":78},"end":{"line":19,"column":null}},"loc":{"start":{"line":19,"column":78},"end":{"line":22,"column":1}}},"4":{"name":"(anonymous_11)","decl":{"start":{"line":24,"column":40},"end":{"line":24,"column":47}},"loc":{"start":{"line":24,"column":98},"end":{"line":31,"column":2}}},"5":{"name":"(anonymous_12)","decl":{"start":{"line":24,"column":98},"end":{"line":24,"column":null}},"loc":{"start":{"line":24,"column":98},"end":{"line":31,"column":1}}},"6":{"name":"(anonymous_13)","decl":{"start":{"line":26,"column":22},"end":{"line":26,"column":26}},"loc":{"start":{"line":26,"column":29},"end":{"line":28,"column":5}}},"7":{"name":"(anonymous_14)","decl":{"start":{"line":33,"column":19},"end":{"line":33,"column":26}},"loc":{"start":{"line":33,"column":77},"end":{"line":37,"column":2}}},"8":{"name":"(anonymous_15)","decl":{"start":{"line":33,"column":77},"end":{"line":33,"column":null}},"loc":{"start":{"line":33,"column":77},"end":{"line":37,"column":1}}},"9":{"name":"(anonymous_16)","decl":{"start":{"line":39,"column":19},"end":{"line":39,"column":26}},"loc":{"start":{"line":39,"column":77},"end":{"line":50,"column":2}}},"10":{"name":"(anonymous_17)","decl":{"start":{"line":39,"column":77},"end":{"line":39,"column":null}},"loc":{"start":{"line":39,"column":77},"end":{"line":50,"column":1}}},"11":{"name":"(anonymous_18)","decl":{"start":{"line":52,"column":21},"end":{"line":52,"column":28}},"loc":{"start":{"line":52,"column":79},"end":{"line":70,"column":2}}},"12":{"name":"(anonymous_19)","decl":{"start":{"line":52,"column":79},"end":{"line":52,"column":null}},"loc":{"start":{"line":52,"column":79},"end":{"line":70,"column":1}}},"13":{"name":"(anonymous_20)","decl":{"start":{"line":58,"column":78},"end":{"line":58,"column":79}},"loc":{"start":{"line":58,"column":99},"end":{"line":58,"column":121}}},"14":{"name":"(anonymous_21)","decl":{"start":{"line":61,"column":47},"end":{"line":61,"column":48}},"loc":{"start":{"line":61,"column":59},"end":{"line":61,"column":192}}},"15":{"name":"(anonymous_22)","decl":{"start":{"line":61,"column":114},"end":{"line":61,"column":115}},"loc":{"start":{"line":61,"column":135},"end":{"line":61,"column":176}}}},"branchMap":{"0":{"loc":{"start":{"line":8,"column":8},"end":{"line":10,"column":null}},"type":"if","locations":[{"start":{"line":8,"column":8},"end":{"line":10,"column":null}}]},"1":{"loc":{"start":{"line":11,"column":8},"end":{"line":13,"column":null}},"type":"if","locations":[{"start":{"line":11,"column":8},"end":{"line":13,"column":null}}]},"2":{"loc":{"start":{"line":55,"column":4},"end":{"line":69,"column":null}},"type":"if","locations":[{"start":{"line":55,"column":4},"end":{"line":69,"column":null}}]},"3":{"loc":{"start":{"line":61,"column":91},"end":{"line":61,"column":188}},"type":"cond-expr","locations":[{"start":{"line":61,"column":177},"end":{"line":61,"column":179}},{"start":{"line":61,"column":177},"end":{"line":61,"column":188}}]},"4":{"loc":{"start":{"line":61,"column":91},"end":{"line":61,"column":179}},"type":"binary-expr","locations":[{"start":{"line":61,"column":91},"end":{"line":61,"column":179}},{"start":{"line":61,"column":177},"end":{"line":61,"column":179}}]}},"s":{"0":1,"1":1,"2":1,"3":4,"4":8,"5":2,"6":6,"7":5,"8":1,"9":4,"10":1,"11":0,"12":0,"13":0,"14":1,"15":0,"16":0,"17":0,"18":0,"19":0,"20":1,"21":0,"22":0,"23":0,"24":0,"25":1,"26":0,"27":0,"28":0,"29":0,"30":0,"31":0,"32":0,"33":0,"34":1,"35":0,"36":0,"37":0,"38":0,"39":0,"40":0,"41":0,"42":0,"43":0,"44":0,"45":0,"46":0,"47":0,"48":1},"f":{"0":4,"1":8,"2":0,"3":0,"4":0,"5":0,"6":0,"7":0,"8":0,"9":0,"10":0,"11":0,"12":0,"13":0,"14":0,"15":0},"b":{"0":[2],"1":[5],"2":[0],"3":[0,0],"4":[0,0]}}
,"/Users/josemanuelberrettamoreno/Desktop/courses/fullstack/assignment/warehouse-api/src/models/inventory.ts": {"path":"/Users/josemanuelberrettamoreno/Desktop/courses/fullstack/assignment/warehouse-api/src/models/inventory.ts","statementMap":{"0":{"start":{"line":1,"column":0},"end":{"line":1,"column":31}},"1":{"start":{"line":4,"column":24},"end":{"line":19,"column":2}},"2":{"start":{"line":21,"column":18},"end":{"line":21,"column":62}},"3":{"start":{"line":24,"column":9},"end":{"line":24,"column":18}}},"fnMap":{},"branchMap":{},"s":{"0":1,"1":1,"2":1,"3":1},"f":{},"b":{}}
,"/Users/josemanuelberrettamoreno/Desktop/courses/fullstack/assignment/warehouse-api/src/models/product.ts": {"path":"/Users/josemanuelberrettamoreno/Desktop/courses/fullstack/assignment/warehouse-api/src/models/product.ts","statementMap":{"0":{"start":{"line":1,"column":0},"end":{"line":1,"column":31}},"1":{"start":{"line":3,"column":22},"end":{"line":12,"column":2}},"2":{"start":{"line":14,"column":16},"end":{"line":14,"column":56}},"3":{"start":{"line":17,"column":9},"end":{"line":17,"column":16}}},"fnMap":{},"branchMap":{},"s":{"0":1,"1":1,"2":1,"3":1},"f":{},"b":{}}
}
