TN:
SF:src/controllers/product.ts
FN:6,(anonymous_7)
FN:7,(anonymous_8)
FN:19,(anonymous_9)
FN:19,(anonymous_10)
FN:24,(anonymous_11)
FN:24,(anonymous_12)
FN:26,(anonymous_13)
FN:33,(anonymous_14)
FN:33,(anonymous_15)
FN:39,(anonymous_16)
FN:39,(anonymous_17)
FN:52,(anonymous_18)
FN:52,(anonymous_19)
FN:58,(anonymous_20)
FN:61,(anonymous_21)
FN:61,(anonymous_22)
FNF:16
FNH:2
FNDA:4,(anonymous_7)
FNDA:8,(anonymous_8)
FNDA:0,(anonymous_9)
FNDA:0,(anonymous_10)
FNDA:0,(anonymous_11)
FNDA:0,(anonymous_12)
FNDA:0,(anonymous_13)
FNDA:0,(anonymous_14)
FNDA:0,(anonymous_15)
FNDA:0,(anonymous_16)
FNDA:0,(anonymous_17)
FNDA:0,(anonymous_18)
FNDA:0,(anonymous_19)
FNDA:0,(anonymous_20)
FNDA:0,(anonymous_21)
FNDA:0,(anonymous_22)
DA:2,1
DA:3,1
DA:6,1
DA:7,4
DA:8,8
DA:9,2
DA:11,6
DA:12,5
DA:14,1
DA:16,4
DA:19,1
DA:20,0
DA:21,0
DA:24,1
DA:25,0
DA:26,0
DA:27,0
DA:30,0
DA:33,1
DA:34,0
DA:35,0
DA:36,0
DA:39,1
DA:40,0
DA:41,0
DA:42,0
DA:43,0
DA:44,0
DA:47,0
DA:48,0
DA:52,1
DA:53,0
DA:54,0
DA:55,0
DA:58,0
DA:59,0
DA:61,0
DA:62,0
DA:63,0
DA:67,0
DA:73,1
LF:41
LH:16
BRDA:8,0,0,2
BRDA:11,1,0,5
BRDA:55,2,0,0
BRDA:61,3,0,0
BRDA:61,3,1,0
BRDA:61,4,0,0
BRDA:61,4,1,0
BRF:7
BRH:2
end_of_record
TN:
SF:src/models/inventory.ts
FNF:0
FNH:0
DA:1,1
DA:4,1
DA:21,1
DA:24,1
LF:4
LH:4
BRF:0
BRH:0
end_of_record
TN:
SF:src/models/product.ts
FNF:0
FNH:0
DA:1,1
DA:3,1
DA:14,1
DA:17,1
LF:4
LH:4
BRF:0
BRH:0
end_of_record
